
ROM used: 610 (7%)
          610 (7%) including unused fragments

          1 Average locations per line
          5 Average locations per statement

RAM used: 9 (2%) at main() level
          10 (3%) worst case

Stack used: 1 worst case (out of 8 total available)

Lines Stmts  %   Files
----- ----- ---  -----
  140   119 100  ekg.c
  313     0   0  ..\..\..\..\..\..\Program Files (x86)\PICC\devices\16f877a.h
----- -----
  453   119 Total

Page ROM  %  RAM   Vol Diff  Functions:
---- --- --- ---   --- ----  ----------
0     21   3   1             @delay_ms1
0     20   3   1  4886  5.5  @delay_us1
0    565  93   1  4886  5.5  main

Program metrics:
    Functions               2
    Statements              119
    Comments                102
    Volume (V)              10982
    Difficilty (D)          10.9
    Effort to implement (E) 119657
    Time to implement (T)   1 hours, 51 minutes
    Est Delivered Bugs (B)  1
    Cyclomatic Complexity   50
    Maintainability (MI)    4

 Segment     Used  Free
-----------  ----  ----
00000-00003     4  0  
00004-007FF   606  1438  
00800-00FFF     0  2048  
01000-017FF     0  2048  
01800-01FFF     0  2048  



