
ROM used: 58 (1%)
          58 (1%) including unused fragments

          0 Average locations per line
          6 Average locations per statement

RAM used: 7 (2%) at main() level
          8 (2%) worst case

Stack used: 1 worst case (out of 8 total available)

Lines Stmts  %   Files
----- ----- ---  -----
   36    10 100  pwm.c
  285     0   0  ..\..\..\..\..\..\..\Program Files (x86)\PICC\devices\16f877.h
----- -----
  321    10 Total

Page ROM  %  RAM   Vol Diff  Functions:
---- --- --- ---   --- ----  ----------
0     21  36   1             @delay_ms1
0     33  57   1   172  1.8  main

Program metrics:
    Functions               1
    Statements              10
    Comments                68
    Volume (V)              174
    Difficilty (D)          1.7
    Effort to implement (E) 296
    Time to implement (T)   0 minutes
    Est Delivered Bugs (B)  0
    Cyclomatic Complexity   1
    Maintainability (MI)    117

 Segment     Used  Free
-----------  ----  ----
00000-00003     4  0  
00004-007FF    54  1990  
00800-00FFF     0  2048  
01000-017FF     0  2048  
01800-01FFF     0  2048  



